<?xml version="1.0" encoding="UTF-8"?>
<!-- Generated by org.testng.reporters.JUnitXMLReporter -->
<testsuite ignored="0" hostname="DESKTOP-ENO29IB" failures="0" tests="4" name="Default test" time="0.244" errors="0" timestamp="2023-11-10T16:14:41 GMT-05:00">
  <testcase classname="test.Login" name="SignIn" time="0.04"/>
  <testcase classname="test.Login" name="SignIn" time="0.017"/>
  <testcase classname="test.Login" name="SignIn" time="0.006"/>
  <testcase classname="test.Login" name="SignIn" time="0.012"/>
</testsuite> <!-- Default test -->
