<?xml version="1.0" encoding="UTF-8"?>
<!-- Generated by org.testng.reporters.JUnitXMLReporter -->
<testsuite ignored="5" hostname="DESKTOP-ENO29IB" failures="0" tests="3" name="Smoke" time="0.113" errors="0" timestamp="2023-11-09T23:47:23 GMT-05:00">
  <testcase classname="test.BrowserType" name="chromebrowser" time="0.021"/>
  <testcase classname="test.DesktopOSType" name="windowsdevice" time="0.002"/>
  <testcase classname="test.MobileOSType" name="androiddevice" time="0.003"/>
  <testcase classname="test.BrowserType" name="safaribrowser" time="0.0">
    <ignored/>
  </testcase> <!-- safaribrowser -->
  <testcase classname="test.BrowserType" name="firefoxbrowser" time="0.0">
    <ignored/>
  </testcase> <!-- firefoxbrowser -->
  <testcase classname="test.BrowserType" name="edgebrowser" time="0.0">
    <ignored/>
  </testcase> <!-- edgebrowser -->
  <testcase classname="test.DesktopOSType" name="iOSdevice" time="0.0">
    <ignored/>
  </testcase> <!-- iOSdevice -->
  <testcase classname="test.MobileOSType" name="iOSMobiledevice" time="0.0">
    <ignored/>
  </testcase> <!-- iOSMobiledevice -->
</testsuite> <!-- Smoke -->
