<?xml version="1.0" encoding="UTF-8"?>
<!-- Generated by org.testng.reporters.JUnitXMLReporter -->
<testsuite ignored="1" hostname="DESKTOP-ENO29IB" failures="0" tests="5" name="WindowsTest" time="0.19" errors="0" timestamp="2023-11-10T12:49:42 GMT-05:00">
  <testcase classname="test.BrowserType" name="chromebrowser" time="0.013"/>
  <testcase classname="test.BrowserType" name="firefoxbrowser" time="0.018"/>
  <testcase classname="test.BrowserType" name="edgebrowser" time="0.004"/>
  <testcase classname="test.DesktopOSType" name="iOSdevice" time="0.007"/>
  <testcase classname="test.DesktopOSType" name="windowsdevice" time="0.005"/>
  <testcase classname="test.BrowserType" name="safaribrowser" time="0.0">
    <ignored/>
  </testcase> <!-- safaribrowser -->
</testsuite> <!-- WindowsTest -->
