<?xml version="1.0" encoding="UTF-8"?>
<!-- Generated by org.testng.reporters.JUnitXMLReporter -->
<testsuite ignored="0" hostname="DESKTOP-ENO29IB" failures="0" tests="8" name="WindowsTest" time="0.228" errors="0" timestamp="2023-11-09T16:40:32 GMT-05:00">
  <testcase classname="test.BrowserType" name="chromebrowser" time="0.011"/>
  <testcase classname="test.BrowserType" name="edgebrowser" time="0.006"/>
  <testcase classname="test.BrowserType" name="firefoxbrowser" time="0.009"/>
  <testcase classname="test.BrowserType" name="safaribrowser" time="0.004"/>
  <testcase classname="test.DesktopOSType" name="iOSdevice" time="0.004"/>
  <testcase classname="test.DesktopOSType" name="windowsdevice" time="0.005"/>
  <testcase classname="test.MobileOSType" name="androiddevice" time="0.002"/>
  <testcase classname="test.MobileOSType" name="iOSMobiledevice" time="0.018"/>
</testsuite> <!-- WindowsTest -->
